<?xml version="1.0" encoding="UTF-8"?>
<!-- Generated by org.testng.reporters.JUnitReportReporter -->
<testsuite hostname="AbhishekDwivedi" failures="0" tests="1" name="com.SplitString" time="0.023" errors="0" timestamp="2025-07-18T23:12:04 IST" skipped="0">
  <testcase classname="com.SplitString" name="splitString_Reverse" time="0.023"/>
</testsuite> <!-- com.SplitString -->
